0 info it worked if it ends with ok
1 verbose cli [ '/Users/torrelocascio/.nvm/versions/node/v7.2.0/bin/node',
1 verbose cli   '/Users/torrelocascio/.nvm/versions/node/v7.2.0/bin/npm',
1 verbose cli   'start' ]
2 info using npm@3.10.9
3 info using node@v7.2.0
4 verbose run-script [ 'prestart', 'start', 'poststart' ]
5 info lifecycle lab-mongoose-movies@0.0.0~prestart: lab-mongoose-movies@0.0.0
6 silly lifecycle lab-mongoose-movies@0.0.0~prestart: no script for prestart, continuing
7 info lifecycle lab-mongoose-movies@0.0.0~start: lab-mongoose-movies@0.0.0
8 verbose lifecycle lab-mongoose-movies@0.0.0~start: unsafe-perm in lifecycle true
9 verbose lifecycle lab-mongoose-movies@0.0.0~start: PATH: /Users/torrelocascio/.nvm/versions/node/v7.2.0/lib/node_modules/npm/bin/node-gyp-bin:/Users/torrelocascio/Documents/Torre's Stuff/Computer Programming/ironhack/pairedProgrammingExercises/lab-mongoose-movies/node_modules/.bin:/Users/torrelocascio/.nvm/versions/node/v7.2.0/bin:/usr/bin:/bin:/usr/sbin:/sbin:/usr/local/bin
10 verbose lifecycle lab-mongoose-movies@0.0.0~start: CWD: /Users/torrelocascio/Documents/Torre's Stuff/Computer Programming/ironhack/pairedProgrammingExercises/lab-mongoose-movies
11 silly lifecycle lab-mongoose-movies@0.0.0~start: Args: [ '-c', 'node ./bin/www' ]
12 silly lifecycle lab-mongoose-movies@0.0.0~start: Returned: code: 1  signal: null
13 info lifecycle lab-mongoose-movies@0.0.0~start: Failed to exec start script
14 verbose stack Error: lab-mongoose-movies@0.0.0 start: `node ./bin/www`
14 verbose stack Exit status 1
14 verbose stack     at EventEmitter.<anonymous> (/Users/torrelocascio/.nvm/versions/node/v7.2.0/lib/node_modules/npm/lib/utils/lifecycle.js:255:16)
14 verbose stack     at emitTwo (events.js:106:13)
14 verbose stack     at EventEmitter.emit (events.js:191:7)
14 verbose stack     at ChildProcess.<anonymous> (/Users/torrelocascio/.nvm/versions/node/v7.2.0/lib/node_modules/npm/lib/utils/spawn.js:40:14)
14 verbose stack     at emitTwo (events.js:106:13)
14 verbose stack     at ChildProcess.emit (events.js:191:7)
14 verbose stack     at maybeClose (internal/child_process.js:885:16)
14 verbose stack     at Process.ChildProcess._handle.onexit (internal/child_process.js:226:5)
15 verbose pkgid lab-mongoose-movies@0.0.0
16 verbose cwd /Users/torrelocascio/Documents/Torre's Stuff/Computer Programming/ironhack/pairedProgrammingExercises/lab-mongoose-movies
17 error Darwin 17.3.0
18 error argv "/Users/torrelocascio/.nvm/versions/node/v7.2.0/bin/node" "/Users/torrelocascio/.nvm/versions/node/v7.2.0/bin/npm" "start"
19 error node v7.2.0
20 error npm  v3.10.9
21 error code ELIFECYCLE
22 error lab-mongoose-movies@0.0.0 start: `node ./bin/www`
22 error Exit status 1
23 error Failed at the lab-mongoose-movies@0.0.0 start script 'node ./bin/www'.
23 error Make sure you have the latest version of node.js and npm installed.
23 error If you do, this is most likely a problem with the lab-mongoose-movies package,
23 error not with npm itself.
23 error Tell the author that this fails on your system:
23 error     node ./bin/www
23 error You can get information on how to open an issue for this project with:
23 error     npm bugs lab-mongoose-movies
23 error Or if that isn't available, you can get their info via:
23 error     npm owner ls lab-mongoose-movies
23 error There is likely additional logging output above.
24 verbose exit [ 1, true ]
